<?xml version="1.0" encoding="UTF-8"?>
<robot generator="Robot 7.2.2 (Python 3.13.0 on win32)" generated="2025-07-05T00:56:52.057749" rpa="false" schemaversion="5">
<suite id="s1" name="Tests" source="C:\Users\HP\PycharmProjects\robot\Ecomm2_ScandiPWA\Resources\Tests.robot">
<kw name="Open Browser" owner="SeleniumLibrary" type="SETUP">
<msg time="2025-07-05T00:56:52.493579" level="INFO">Opening browser 'gc' to base url 'None'.</msg>
<arg>${None}</arg>
<arg>gc</arg>
<doc>Opens a new browser instance to the optional ``url``.</doc>
<status status="PASS" start="2025-07-05T00:56:52.493011" elapsed="2.550958"/>
</kw>
<test id="s1-t1" name="Signing into account" line="8">
<kw name="Run Keywords" owner="BuiltIn" type="SETUP">
<kw name="Go To" owner="SeleniumLibrary">
<msg time="2025-07-05T00:56:55.046822" level="INFO">Opening url 'https://tech-demo.scandipwa.com/tech_storeview/'</msg>
<arg>${HOME_URL}</arg>
<doc>Navigates the current browser window to the provided ``url``.</doc>
<status status="PASS" start="2025-07-05T00:56:55.046349" elapsed="1.438144"/>
</kw>
<kw name="Maximize Browser Window" owner="SeleniumLibrary">
<doc>Maximizes current browser window.</doc>
<status status="PASS" start="2025-07-05T00:56:56.484959" elapsed="0.073204"/>
</kw>
<arg>Go To</arg>
<arg>${HOME_URL}</arg>
<arg>AND</arg>
<arg>Maximize Browser Window</arg>
<doc>Executes all the given keywords in a sequence.</doc>
<status status="PASS" start="2025-07-05T00:56:55.045835" elapsed="1.512688"/>
</kw>
<kw name="Sign in to your account" owner="keywords">
<kw name="Wait Until Element Is Visible" owner="SeleniumLibrary">
<arg>${SIGN_IN_LOCATOR}</arg>
<doc>Waits until the element ``locator`` is visible.</doc>
<status status="PASS" start="2025-07-05T00:56:56.560250" elapsed="0.193522"/>
</kw>
<kw name="Click Element" owner="SeleniumLibrary">
<msg time="2025-07-05T00:56:56.754673" level="INFO">Clicking element '//button[@id='myAccount']/*[name()='svg']'.</msg>
<arg>${SIGN_IN_LOCATOR}</arg>
<doc>Click the element identified by ``locator``.</doc>
<status status="PASS" start="2025-07-05T00:56:56.754199" elapsed="0.103620"/>
</kw>
<kw name="Wait Until Element Is Visible" owner="SeleniumLibrary">
<arg>${EMAIL_BOX_LOCATOR}</arg>
<doc>Waits until the element ``locator`` is visible.</doc>
<status status="PASS" start="2025-07-05T00:56:56.858256" elapsed="0.240227"/>
</kw>
<kw name="Input Text" owner="SeleniumLibrary">
<msg time="2025-07-05T00:56:57.099431" level="INFO">Typing text 'anurag9132@gmail.com' into text field '//input[@id='email']'.</msg>
<arg>${EMAIL_BOX_LOCATOR}</arg>
<arg>${EMAIL_ID}</arg>
<doc>Types the given ``text`` into the text field identified by ``locator``.</doc>
<status status="PASS" start="2025-07-05T00:56:57.098903" elapsed="0.214300"/>
</kw>
<kw name="Input Text" owner="SeleniumLibrary">
<msg time="2025-07-05T00:56:57.314574" level="INFO">Typing text '11qqqaaz' into text field '//input[@id='password']'.</msg>
<arg>${PASSWORD_BOX_LOCATOR}</arg>
<arg>${PASSWORD}</arg>
<doc>Types the given ``text`` into the text field identified by ``locator``.</doc>
<status status="PASS" start="2025-07-05T00:56:57.313832" elapsed="0.167007"/>
</kw>
<kw name="Click Element" owner="SeleniumLibrary">
<msg time="2025-07-05T00:56:57.481733" level="INFO">Clicking element '//button[text()='Sign in']'.</msg>
<arg>${SIGN_IN_BUTTON_LOCATOR}</arg>
<doc>Click the element identified by ``locator``.</doc>
<status status="PASS" start="2025-07-05T00:56:57.481261" elapsed="0.118312"/>
</kw>
<kw name="Sleep" owner="BuiltIn">
<msg time="2025-07-05T00:57:02.601316" level="INFO">Slept 5 seconds.</msg>
<arg>5</arg>
<doc>Pauses the test executed for the given time.</doc>
<status status="PASS" start="2025-07-05T00:56:57.600139" elapsed="5.001714"/>
</kw>
<status status="PASS" start="2025-07-05T00:56:56.559306" elapsed="6.042836"/>
</kw>
<tag>A</tag>
<status status="PASS" start="2025-07-05T00:56:55.044630" elapsed="7.557867"/>
</test>
<kw name="Close Browser" owner="SeleniumLibrary" type="TEARDOWN">
<doc>Closes the current browser.</doc>
<status status="PASS" start="2025-07-05T00:57:02.603883" elapsed="2.297764"/>
</kw>
<status status="PASS" start="2025-07-05T00:56:52.080052" elapsed="12.821940"/>
</suite>
<statistics>
<total>
<stat pass="1" fail="0" skip="0">All Tests</stat>
</total>
<tag>
<stat pass="1" fail="0" skip="0">A</stat>
</tag>
<suite>
<stat name="Tests" id="s1" pass="1" fail="0" skip="0">Tests</stat>
</suite>
</statistics>
<errors>
<msg time="2025-07-05T00:56:52.118769" level="WARN">Error in file 'C:\Users\HP\PycharmProjects\robot\Ecomm2_ScandiPWA\Common_libraries\common_utilities.resource' on line 13: The '[Return]' setting is deprecated. Use the 'RETURN' statement instead.</msg>
<msg time="2025-07-05T00:56:52.119052" level="WARN">Error in file 'C:\Users\HP\PycharmProjects\robot\Ecomm2_ScandiPWA\Common_libraries\common_utilities.resource' on line 18: The '[Return]' setting is deprecated. Use the 'RETURN' statement instead.</msg>
<msg time="2025-07-05T00:56:52.477066" level="WARN">Imported library 'C:\Users\HP\PycharmProjects\robot\Ecomm2_ScandiPWA\Common_libraries\common_variables.py' contains no keywords.</msg>
</errors>
</robot>
